Testsuite: TestPackage.DequeTest
Tests run: 9, Failures: 2, Errors: 0, Time elapsed: 0.381 sec

Testcase: testAddThenRemove(TestPackage.DequeTest):	FAILED
expected:<7> but was:<null>
junit.framework.AssertionFailedError: expected:<7> but was:<null>
	at TestPackage.DequeTest.testAddThenRemove(DequeTest.java:80)


Testcase: testIterator(TestPackage.DequeTest):	FAILED
expected:<3> but was:<7>
junit.framework.AssertionFailedError: expected:<3> but was:<7>
	at TestPackage.DequeTest.testIterator(DequeTest.java:91)


Test TestPackage.DequeTest FAILED
test:
Deleting: /var/folders/5d/ztnlw7213nxfgklpy5kvvc_h0000gn/T/TEST-TestPackage.DequeTest.xml
BUILD SUCCESSFUL (total time: 7 seconds)
